Started GET "/" for 127.0.0.1 at 2023-12-16 23:28:57 +0530
  [1m[35m (1.2ms)[0m  [1m[35mCREATE TABLE "schema_migrations" ("version" varchar NOT NULL PRIMARY KEY)[0m
  [1m[35m (0.3ms)[0m  [1m[35mCREATE TABLE "ar_internal_metadata" ("key" varchar NOT NULL PRIMARY KEY, "value" varchar, "created_at" datetime(6) NOT NULL, "updated_at" datetime(6) NOT NULL)[0m
  [1m[36mActiveRecord::SchemaMigration Load (0.1ms)[0m  [1m[34mSELECT "schema_migrations"."version" FROM "schema_migrations" ORDER BY "schema_migrations"."version" ASC[0m
Processing by Rails::WelcomeController#index as HTML
  Rendering /Users/sneha/.rvm/gems/ruby-3.1.4/gems/railties-7.1.2/lib/rails/templates/rails/welcome/index.html.erb
  Rendered /Users/sneha/.rvm/gems/ruby-3.1.4/gems/railties-7.1.2/lib/rails/templates/rails/welcome/index.html.erb (Duration: 14.9ms | Allocations: 383)
Completed 200 OK in 97ms (Views: 64.2ms | ActiveRecord: 0.0ms | Allocations: 7448)


Started GET "/" for 127.0.0.1 at 2023-12-16 23:30:09 +0530
Processing by Rails::WelcomeController#index as HTML
  Rendering /Users/sneha/.rvm/gems/ruby-3.1.4/gems/railties-7.1.2/lib/rails/templates/rails/welcome/index.html.erb
  Rendered /Users/sneha/.rvm/gems/ruby-3.1.4/gems/railties-7.1.2/lib/rails/templates/rails/welcome/index.html.erb (Duration: 0.1ms | Allocations: 24)
Completed 200 OK in 1ms (Views: 0.8ms | ActiveRecord: 0.0ms | Allocations: 295)


Started GET "/" for 127.0.0.1 at 2023-12-17 00:31:56 +0530
  [1m[36mActiveRecord::SchemaMigration Load (0.3ms)[0m  [1m[34mSELECT "schema_migrations"."version" FROM "schema_migrations" ORDER BY "schema_migrations"."version" ASC[0m
Processing by Rails::WelcomeController#index as HTML
  Rendering /Users/sneha/.rvm/gems/ruby-3.1.4/gems/railties-7.1.2/lib/rails/templates/rails/welcome/index.html.erb
  Rendered /Users/sneha/.rvm/gems/ruby-3.1.4/gems/railties-7.1.2/lib/rails/templates/rails/welcome/index.html.erb (Duration: 0.8ms | Allocations: 382)
Completed 200 OK in 16ms (Views: 5.7ms | ActiveRecord: 0.0ms | Allocations: 4483)


Started GET "/" for 127.0.0.1 at 2023-12-17 00:40:40 +0530
  [1m[36mActiveRecord::SchemaMigration Load (0.3ms)[0m  [1m[34mSELECT "schema_migrations"."version" FROM "schema_migrations" ORDER BY "schema_migrations"."version" ASC[0m
Processing by Rails::WelcomeController#index as HTML
  Rendering /Users/sneha/.rvm/gems/ruby-3.1.4/gems/railties-7.1.2/lib/rails/templates/rails/welcome/index.html.erb
  Rendered /Users/sneha/.rvm/gems/ruby-3.1.4/gems/railties-7.1.2/lib/rails/templates/rails/welcome/index.html.erb (Duration: 0.7ms | Allocations: 382)
Completed 200 OK in 14ms (Views: 5.1ms | ActiveRecord: 0.0ms | Allocations: 4484)


Started GET "/" for 127.0.0.1 at 2023-12-17 00:40:43 +0530
Processing by Rails::WelcomeController#index as HTML
  Rendering /Users/sneha/.rvm/gems/ruby-3.1.4/gems/railties-7.1.2/lib/rails/templates/rails/welcome/index.html.erb
  Rendered /Users/sneha/.rvm/gems/ruby-3.1.4/gems/railties-7.1.2/lib/rails/templates/rails/welcome/index.html.erb (Duration: 0.1ms | Allocations: 24)
Completed 200 OK in 1ms (Views: 0.7ms | ActiveRecord: 0.0ms | Allocations: 316)


Started GET "/" for 127.0.0.1 at 2023-12-17 00:40:45 +0530
Processing by Rails::WelcomeController#index as HTML
  Rendering /Users/sneha/.rvm/gems/ruby-3.1.4/gems/railties-7.1.2/lib/rails/templates/rails/welcome/index.html.erb
  Rendered /Users/sneha/.rvm/gems/ruby-3.1.4/gems/railties-7.1.2/lib/rails/templates/rails/welcome/index.html.erb (Duration: 0.0ms | Allocations: 15)
Completed 200 OK in 1ms (Views: 0.5ms | ActiveRecord: 0.0ms | Allocations: 222)


Started GET "/" for 127.0.0.1 at 2023-12-17 00:40:45 +0530
Processing by Rails::WelcomeController#index as HTML
  Rendering /Users/sneha/.rvm/gems/ruby-3.1.4/gems/railties-7.1.2/lib/rails/templates/rails/welcome/index.html.erb
  Rendered /Users/sneha/.rvm/gems/ruby-3.1.4/gems/railties-7.1.2/lib/rails/templates/rails/welcome/index.html.erb (Duration: 0.0ms | Allocations: 15)
Completed 200 OK in 1ms (Views: 0.4ms | ActiveRecord: 0.0ms | Allocations: 216)


Started GET "/" for 127.0.0.1 at 2023-12-17 00:40:45 +0530
Processing by Rails::WelcomeController#index as HTML
  Rendering /Users/sneha/.rvm/gems/ruby-3.1.4/gems/railties-7.1.2/lib/rails/templates/rails/welcome/index.html.erb
  Rendered /Users/sneha/.rvm/gems/ruby-3.1.4/gems/railties-7.1.2/lib/rails/templates/rails/welcome/index.html.erb (Duration: 0.1ms | Allocations: 15)
Completed 200 OK in 1ms (Views: 0.6ms | ActiveRecord: 0.0ms | Allocations: 216)


Started GET "/" for 127.0.0.1 at 2023-12-17 00:41:18 +0530
Processing by Rails::WelcomeController#index as HTML
  Rendering /Users/sneha/.rvm/gems/ruby-3.1.4/gems/railties-7.1.2/lib/rails/templates/rails/welcome/index.html.erb
  Rendered /Users/sneha/.rvm/gems/ruby-3.1.4/gems/railties-7.1.2/lib/rails/templates/rails/welcome/index.html.erb (Duration: 0.1ms | Allocations: 15)
Completed 200 OK in 1ms (Views: 0.5ms | ActiveRecord: 0.0ms | Allocations: 222)


Started GET "/" for 127.0.0.1 at 2023-12-17 00:49:18 +0530
  [1m[36mActiveRecord::SchemaMigration Load (0.3ms)[0m  [1m[34mSELECT "schema_migrations"."version" FROM "schema_migrations" ORDER BY "schema_migrations"."version" ASC[0m
Processing by FirstController#welcome as HTML
  Rendering layout layouts/application.html.erb
  Rendering first/welcome.html.erb within layouts/application
  Rendered first/welcome.html.erb within layouts/application (Duration: 0.4ms | Allocations: 192)
  Rendered layout layouts/application.html.erb (Duration: 2020.5ms | Allocations: 103740)
Completed 200 OK in 2049ms (Views: 2025.7ms | ActiveRecord: 0.0ms | Allocations: 108013)


Started GET "/" for 127.0.0.1 at 2023-12-17 00:52:05 +0530
Processing by FirstController#welcome as HTML
  Rendering layout layouts/application.html.erb
  Rendering first/welcome.html.erb within layouts/application
  Rendered first/welcome.html.erb within layouts/application (Duration: 0.4ms | Allocations: 121)
  Rendered layout layouts/application.html.erb (Duration: 29.5ms | Allocations: 16631)
Completed 200 OK in 32ms (Views: 31.4ms | ActiveRecord: 0.0ms | Allocations: 17714)


Started GET "/" for 127.0.0.1 at 2023-12-17 00:53:43 +0530
Processing by FirstController#welcome as HTML
  Rendering layout layouts/application.html.erb
  Rendering first/welcome.html.erb within layouts/application
  Rendered first/welcome.html.erb within layouts/application (Duration: 0.3ms | Allocations: 119)
  Rendered layout layouts/application.html.erb (Duration: 12.3ms | Allocations: 14605)
Completed 200 OK in 15ms (Views: 13.9ms | ActiveRecord: 0.0ms | Allocations: 15670)


Started GET "/" for 127.0.0.1 at 2023-12-17 00:55:58 +0530
Processing by FirstController#welcome as HTML
  Rendering layout layouts/application.html.erb
  Rendering first/welcome.html.erb within layouts/application
  Rendered first/welcome.html.erb within layouts/application (Duration: 0.4ms | Allocations: 143)
  Rendered layout layouts/application.html.erb (Duration: 13.4ms | Allocations: 14635)
Completed 200 OK in 16ms (Views: 15.2ms | ActiveRecord: 0.0ms | Allocations: 15700)


Started GET "/" for 127.0.0.1 at 2023-12-17 00:57:42 +0530
Processing by FirstController#welcome as HTML
  Rendering layout layouts/application.html.erb
  Rendering first/welcome.html.erb within layouts/application
  Rendered first/welcome.html.erb within layouts/application (Duration: 0.4ms | Allocations: 119)
  Rendered layout layouts/application.html.erb (Duration: 13.0ms | Allocations: 14710)
Completed 200 OK in 16ms (Views: 14.8ms | ActiveRecord: 0.0ms | Allocations: 15775)


Started GET "/" for 127.0.0.1 at 2023-12-17 09:44:01 +0530
  [1m[36mActiveRecord::SchemaMigration Load (0.3ms)[0m  [1m[34mSELECT "schema_migrations"."version" FROM "schema_migrations" ORDER BY "schema_migrations"."version" ASC[0m
Processing by FirstController#welcome as HTML
  Rendering layout layouts/application.html.erb
  Rendering first/welcome.html.erb within layouts/application
  Rendered first/welcome.html.erb within layouts/application (Duration: 0.4ms | Allocations: 196)
  Rendered layout layouts/application.html.erb (Duration: 60.1ms | Allocations: 38003)
Completed 200 OK in 75ms (Views: 65.8ms | ActiveRecord: 0.0ms | Allocations: 42291)


Started GET "/" for 127.0.0.1 at 2023-12-17 13:13:28 +0530
  [1m[36mActiveRecord::SchemaMigration Load (0.2ms)[0m  [1m[34mSELECT "schema_migrations"."version" FROM "schema_migrations" ORDER BY "schema_migrations"."version" ASC[0m
Processing by FirstController#welcome as HTML
  Rendering layout layouts/application.html.erb
  Rendering first/welcome.html.erb within layouts/application
  Rendered first/welcome.html.erb within layouts/application (Duration: 0.4ms | Allocations: 196)
  Rendered layout layouts/application.html.erb (Duration: 59.9ms | Allocations: 37800)
Completed 200 OK in 71ms (Views: 64.1ms | ActiveRecord: 0.0ms | Allocations: 42088)


Started GET "/" for 127.0.0.1 at 2023-12-17 13:13:30 +0530
Processing by FirstController#welcome as HTML
  Rendering layout layouts/application.html.erb
  Rendering first/welcome.html.erb within layouts/application
  Rendered first/welcome.html.erb within layouts/application (Duration: 0.1ms | Allocations: 11)
  Rendered layout layouts/application.html.erb (Duration: 3.6ms | Allocations: 2506)
Completed 200 OK in 5ms (Views: 4.1ms | ActiveRecord: 0.0ms | Allocations: 2836)


